<?xml version="1.0" encoding="UTF-8"?>
<!-- Generated by org.testng.reporters.JUnitXMLReporter -->
<testsuite ignored="0" hostname="L-INE-436Z003" failures="1" tests="3" name="Test" time="9.254" errors="0" timestamp="2025-12-12T14:12:49 IST">
  <testcase classname="Listenerclass.OrangehrmListner" name="testlogo" time="0.06"/>
  <testcase classname="Listenerclass.OrangehrmListner" name="testurl" time="0.012">
    <failure type="java.lang.AssertionError" message="expected:&amp;lt;https://opensource-demo.orangehrmlive.com/web/index.php/auth/login&amp;gt; but was:&amp;lt;https://opensource-demo.orangehrmlive.com/&amp;gt;">
      <![CDATA[java.lang.AssertionError: expected:<https://opensource-demo.orangehrmlive.com/web/index.php/auth/login> but was:<https://opensource-demo.orangehrmlive.com/>
at Listenerclass.OrangehrmListner.testurl(OrangehrmListner.java:32)
at java.base/java.util.ArrayList.forEach(ArrayList.java:1596)
... Removed 27 stack frames]]>
    </failure>
  </testcase> <!-- testurl -->
  <testcase classname="Listenerclass.OrangehrmListner" name="testtitle" time="0.001">
    <skipped/>
  </testcase> <!-- testtitle -->
</testsuite> <!-- Test -->
