<?xml version="1.0" encoding="UTF-8"?>
<!-- Generated by org.testng.reporters.JUnitReportReporter -->
<testsuite hostname="L-INE-436Z003" failures="0" tests="3" name="TestNGdep.class2" time="0.006" errors="0" timestamp="2025-12-10T13:21:48 IST" skipped="0">
  <testcase classname="TestNGdep.class2" name="SignEmail" time="0.003"/>
  <testcase classname="TestNGdep.class2" name="SignInsta" time="0.002"/>
  <testcase classname="TestNGdep.class2" name="SignTwitter" time="0.001"/>
</testsuite> <!-- TestNGdep.class2 -->
