<?xml version="1.0" encoding="UTF-8"?>
<!-- Generated by org.testng.reporters.JUnitReportReporter -->
<testsuite hostname="L-INE-436Z003" failures="0" tests="3" name="TestNGcases.FirstTestcase" time="0.012" errors="0" timestamp="2025-12-09T11:02:07 IST" skipped="0">
  <testcase classname="TestNGcases.FirstTestcase" name="Openapp" time="0.009"/>
  <testcase classname="TestNGcases.FirstTestcase" name="Loginapp" time="0.001"/>
  <testcase classname="TestNGcases.FirstTestcase" name="Logoutapp" time="0.002"/>
</testsuite> <!-- TestNGcases.FirstTestcase -->
