<?xml version="1.0" encoding="UTF-8"?>
<!-- Generated by org.testng.reporters.JUnitReportReporter -->
<testsuite hostname="L-INE-436Z003" failures="0" tests="4" name="TestNGcases.OrangeHRM" time="14.897" errors="0" timestamp="2025-12-09T18:57:30 IST" skipped="0">
  <testcase classname="TestNGcases.OrangeHRM" name="Openapp" time="8.961"/>
  <testcase classname="TestNGcases.OrangeHRM" name="Logotest" time="5.123"/>
  <testcase classname="TestNGcases.OrangeHRM" name="Login" time="0.499"/>
  <testcase classname="TestNGcases.OrangeHRM" name="close" time="0.314"/>
</testsuite> <!-- TestNGcases.OrangeHRM -->
