<?xml version="1.0" encoding="UTF-8"?>
<!-- Generated by org.testng.reporters.JUnitReportReporter -->
<testsuite hostname="L-INE-436Z003" failures="0" tests="3" name="TestNGdep.class3" time="0.003" errors="0" timestamp="2025-12-10T13:21:48 IST" skipped="0">
  <testcase classname="TestNGdep.class3" name="OpenEmail" time="0.001"/>
  <testcase classname="TestNGdep.class3" name="OpenInsta" time="0.001"/>
  <testcase classname="TestNGdep.class3" name="OpenTwitter" time="0.001"/>
</testsuite> <!-- TestNGdep.class3 -->
