<?xml version="1.0" encoding="UTF-8"?>
<!-- Generated by org.testng.reporters.JUnitReportReporter -->
<testsuite hostname="L-INE-436Z003" failures="0" tests="3" name="TestNGdep.class1" time="0.016" errors="0" timestamp="2025-12-11T13:17:53 IST" skipped="0">
  <testcase classname="TestNGdep.class1" name="LoginEmail" time="0.011"/>
  <testcase classname="TestNGdep.class1" name="LoginInsta" time="0.003"/>
  <testcase classname="TestNGdep.class1" name="LoginTwitter" time="0.002"/>
</testsuite> <!-- TestNGdep.class1 -->
